#
# There is insufficient memory for the Java Runtime Environment to continue.
# Native memory allocation (mmap) failed to map 157286400 bytes for committing reserved memory.
# Possible reasons:
#   The system is out of physical RAM or swap space
#   The process is running with CompressedOops enabled, and the Java Heap may be blocking the growth of the native heap
# Possible solutions:
#   Reduce memory load on the system
#   Increase physical memory or swap space
#   Check if swap backing store is full
#   Decrease Java heap size (-Xmx/-Xms)
#   Decrease number of Java threads
#   Decrease Java thread stack sizes (-Xss)
#   Set larger code cache with -XX:ReservedCodeCacheSize=
# This output file may be truncated or incomplete.
#
#  Out of Memory Error (os_linux.cpp:2886), pid=705, tid=709
#
# JRE version:  (11.0.8+10) (build )
# Java VM: OpenJDK 64-Bit Server VM (11.0.8+10-post-Ubuntu-0ubuntu120.04, mixed mode, sharing, tiered, compressed oops, g1 gc, linux-amd64)
# No core dump will be written. Core dumps have been disabled. To enable core dumping, try "ulimit -c unlimited" before starting Java again
#

---------------  S U M M A R Y ------------

Command Line: -Djava.awt.headless=true -javaagent:/tmp/16054376760860554037794057005812143213246498848108.jar -Dclassworlds.conf=/mnt/e/Java/projects/apache-maven-3.6.0/bin/m2.conf -Dmaven.home=/mnt/e/Java/projects/apache-maven-3.6.0 -Dlibrary.jansi.path=/mnt/e/Java/projects/apache-maven-3.6.0/lib/jansi-native -Dmaven.multiModuleProjectDirectory=/mnt/e/intellijig projects software dev/test_assignment_4 org.pitest.coverage.execute.CoverageMinion 36365

Host: Intel(R) Core(TM) i5-7200U CPU @ 2.50GHz, 4 cores, 9G, Ubuntu 20.04.1 LTS
Time: Sun Nov 15 11:54:36 2020 CET elapsed time: 0 seconds (0d 0h 0m 0s)

---------------  T H R E A D  ---------------

Current thread (0x00007f578c01b800):  JavaThread "Unknown thread" [_thread_in_vm, id=709, stack(0x00007f5792ca4000,0x00007f5792da5000)]

Stack: [0x00007f5792ca4000,0x00007f5792da5000],  sp=0x00007f5792da3240,  free space=1020k
Native frames: (J=compiled Java code, A=aot compiled Java code, j=interpreted, Vv=VM code, C=native code)
V  [libjvm.so+0xd8d2ca]
V  [libjvm.so+0xd8dfb1]
V  [libjvm.so+0x638f5a]
V  [libjvm.so+0xb8ad60]
V  [libjvm.so+0xb82281]
V  [libjvm.so+0x74d722]
V  [libjvm.so+0x74db10]
V  [libjvm.so+0x7589f7]
V  [libjvm.so+0x7d7128]
V  [libjvm.so+0x7d7d48]
V  [libjvm.so+0x7d837e]
V  [libjvm.so+0x707d66]
V  [libjvm.so+0x708472]
V  [libjvm.so+0xd4b4e6]
V  [libjvm.so+0xd4b77a]
V  [libjvm.so+0x7f653c]
V  [libjvm.so+0xd236eb]
V  [libjvm.so+0x8a7c05]  JNI_CreateJavaVM+0x55
C  [libjli.so+0x4daf]
C  [libjli.so+0x9ce1]


---------------  P R O C E S S  ---------------

Threads class SMR info:
_java_thread_list=0x00005580ea1b53c0, length=0, elements={
}

Java Threads: ( => current thread )

Other Threads:
  0x00007f578c033800 GCTaskThread "GC Thread#0" [stack: 0x00007f57924a6000,0x00007f57925a6000] [id=710]
  0x00007f578c06d800 ConcurrentGCThread "G1 Main Marker" [stack: 0x00007f579116b000,0x00007f579126b000] [id=711]
  0x00007f578c06f000 ConcurrentGCThread "G1 Conc#0" [stack: 0x00007f5791069000,0x00007f5791169000] [id=712]

[error occurred during error reporting (printing all threads), id 0xb, SIGSEGV (0xb) at pc=0x00007f5793815374]

VM state:not at safepoint (not fully initialized)

VM Mutex/Monitor currently owned by a thread:  ([mutex/lock_event])
[0x00007f578c018c70] Heap_lock - owner thread: 0x00007f578c01b800

Heap address: 0x000000076bc00000, size: 2372 MB, Compressed Oops mode: Non-zero based: 0x000000076bc00000
Narrow klass base: 0x0000000000000000, Narrow klass shift: 0

GC Heap History (0 events):
No events

Deoptimization events (0 events):
No events

Classes redefined (0 events):
No events

Internal exceptions (0 events):
No events

Events (2 events):
Event: 0.045 Protecting memory [0x00007f5792ca4000,0x00007f5792ca8000] with protection modes 0
Event: 0.047 Loaded shared library /usr/lib/jvm/java-11-openjdk-amd64/lib/libzip.so


Dynamic libraries:
775200000-800000000 ---p 00000000 00:00 0 
5580e854c000-5580e854d000 r--p 00000000 08:10 83406                      /usr/lib/jvm/java-11-openjdk-amd64/bin/java
5580e854d000-5580e854e000 r-xp 00001000 08:10 83406                      /usr/lib/jvm/java-11-openjdk-amd64/bin/java
5580e854e000-5580e854f000 r--p 00002000 08:10 83406                      /usr/lib/jvm/java-11-openjdk-amd64/bin/java
5580e854f000-5580e8550000 r--p 00002000 08:10 83406                      /usr/lib/jvm/java-11-openjdk-amd64/bin/java
5580e8550000-5580e8551000 rw-p 00003000 08:10 83406                      /usr/lib/jvm/java-11-openjdk-amd64/bin/java
5580ea19d000-5580ea1be000 rw-p 00000000 00:00 0                          [heap]
7f575c000000-7f575c021000 rw-p 00000000 00:00 0 
7f575c021000-7f5760000000 ---p 00000000 00:00 0 
7f5764000000-7f5764021000 rw-p 00000000 00:00 0 
7f5764021000-7f5768000000 ---p 00000000 00:00 0 
7f57695e0000-7f576b5e0000 rw-p 00000000 00:00 0 
7f576b5e0000-7f5770000000 ---p 00000000 00:00 0 
7f5770000000-7f5770021000 rw-p 00000000 00:00 0 
7f5770021000-7f5774000000 ---p 00000000 00:00 0 
7f5774902000-7f5774b72000 rwxp 00000000 00:00 0 
7f5774b72000-7f5774e92000 ---p 00000000 00:00 0 
7f5774e92000-7f5775102000 rwxp 00000000 00:00 0 
7f5775102000-7f577c3ca000 ---p 00000000 00:00 0 
7f577c3ca000-7f577c63a000 rwxp 00000000 00:00 0 
7f577c63a000-7f5783902000 ---p 00000000 00:00 0 
7f5783902000-7f578c000000 r--s 00000000 08:10 83576                      /usr/lib/jvm/java-11-openjdk-amd64/lib/modules
7f578c000000-7f578c08a000 rw-p 00000000 00:00 0 
7f578c08a000-7f5790000000 ---p 00000000 00:00 0 
7f5790c63000-7f5791067000 rw-p 00000000 00:00 0 
7f5791067000-7f5791068000 ---p 00000000 00:00 0 
7f5791068000-7f5791169000 rw-p 00000000 00:00 0 
7f5791169000-7f579116a000 ---p 00000000 00:00 0 
7f579116a000-7f57912ba000 rw-p 00000000 00:00 0 
7f57912ba000-7f57920a0000 ---p 00000000 00:00 0 
7f57920a0000-7f57924a4000 rw-p 00000000 00:00 0 
7f57924a4000-7f57924a5000 ---p 00000000 00:00 0 
7f57924a5000-7f57925ab000 rw-p 00000000 00:00 0 
7f57925ab000-7f5792691000 ---p 00000000 00:00 0 
7f5792691000-7f5792696000 rw-p 00000000 00:00 0 
7f5792696000-7f579277c000 ---p 00000000 00:00 0 
7f579277c000-7f5792781000 rw-p 00000000 00:00 0 
7f5792781000-7f5792788000 ---p 00000000 00:00 0 
7f5792788000-7f579278a000 r--p 00000000 08:10 83575                      /usr/lib/jvm/java-11-openjdk-amd64/lib/libzip.so
7f579278a000-7f579278e000 r-xp 00002000 08:10 83575                      /usr/lib/jvm/java-11-openjdk-amd64/lib/libzip.so
7f579278e000-7f5792790000 r--p 00006000 08:10 83575                      /usr/lib/jvm/java-11-openjdk-amd64/lib/libzip.so
7f5792790000-7f5792791000 r--p 00007000 08:10 83575                      /usr/lib/jvm/java-11-openjdk-amd64/lib/libzip.so
7f5792791000-7f5792792000 rw-p 00008000 08:10 83575                      /usr/lib/jvm/java-11-openjdk-amd64/lib/libzip.so
7f5792792000-7f5792795000 r--p 00000000 08:10 57455                      /usr/lib/x86_64-linux-gnu/libnss_files-2.31.so
7f5792795000-7f579279c000 r-xp 00003000 08:10 57455                      /usr/lib/x86_64-linux-gnu/libnss_files-2.31.so
7f579279c000-7f579279e000 r--p 0000a000 08:10 57455                      /usr/lib/x86_64-linux-gnu/libnss_files-2.31.so
7f579279e000-7f579279f000 r--p 0000b000 08:10 57455                      /usr/lib/x86_64-linux-gnu/libnss_files-2.31.so
7f579279f000-7f57927a0000 rw-p 0000c000 08:10 57455                      /usr/lib/x86_64-linux-gnu/libnss_files-2.31.so
7f57927a0000-7f57927a6000 rw-p 00000000 00:00 0 
7f57927a9000-7f57927ab000 r--s 00000000 08:10 126707                     /tmp/16054376760860554037794057005812143213246498848108.jar
7f57927ab000-7f57927ad000 r--s 0000c000 08:10 96222                      /usr/share/java/java-atk-wrapper.jar
7f57927ad000-7f57927b5000 rw-s 00000000 08:10 126764                     /tmp/hsperfdata_christian/705
7f57927b5000-7f57927e7000 r--p 00000000 08:10 69554                      /usr/lib/locale/C.UTF-8/LC_CTYPE
7f57927e7000-7f57927e8000 r--p 00000000 08:10 69560                      /usr/lib/locale/C.UTF-8/LC_NUMERIC
7f57927e8000-7f57927e9000 r--p 00000000 08:10 69563                      /usr/lib/locale/C.UTF-8/LC_TIME
7f57927e9000-7f579295c000 r--p 00000000 08:10 69553                      /usr/lib/locale/C.UTF-8/LC_COLLATE
7f579295c000-7f579295d000 r--p 00000000 08:10 69558                      /usr/lib/locale/C.UTF-8/LC_MONETARY
7f579295d000-7f579295e000 r--p 00000000 08:10 69564                      /usr/lib/locale/C.UTF-8/LC_MESSAGES/SYS_LC_MESSAGES
7f579295e000-7f579295f000 r--p 00000000 08:10 69561                      /usr/lib/locale/C.UTF-8/LC_PAPER
7f579295f000-7f5792966000 r--s 00000000 08:10 60471                      /usr/lib/x86_64-linux-gnu/gconv/gconv-modules.cache
7f5792966000-7f5792c4c000 r--p 00000000 08:10 69551                      /usr/lib/locale/locale-archive
7f5792c4c000-7f5792c4e000 r--p 00000000 08:10 83549                      /usr/lib/jvm/java-11-openjdk-amd64/lib/libinstrument.so
7f5792c4e000-7f5792c54000 r-xp 00002000 08:10 83549                      /usr/lib/jvm/java-11-openjdk-amd64/lib/libinstrument.so
7f5792c54000-7f5792c57000 r--p 00008000 08:10 83549                      /usr/lib/jvm/java-11-openjdk-amd64/lib/libinstrument.so
7f5792c57000-7f5792c58000 r--p 0000a000 08:10 83549                      /usr/lib/jvm/java-11-openjdk-amd64/lib/libinstrument.so
7f5792c58000-7f5792c59000 rw-p 0000b000 08:10 83549                      /usr/lib/jvm/java-11-openjdk-amd64/lib/libinstrument.so
7f5792c59000-7f5792c67000 r--p 00000000 08:10 83554                      /usr/lib/jvm/java-11-openjdk-amd64/lib/libjava.so
7f5792c67000-7f5792c7d000 r-xp 0000e000 08:10 83554                      /usr/lib/jvm/java-11-openjdk-amd64/lib/libjava.so
7f5792c7d000-7f5792c84000 r--p 00024000 08:10 83554                      /usr/lib/jvm/java-11-openjdk-amd64/lib/libjava.so
7f5792c84000-7f5792c85000 r--p 0002a000 08:10 83554                      /usr/lib/jvm/java-11-openjdk-amd64/lib/libjava.so
7f5792c85000-7f5792c86000 rw-p 0002b000 08:10 83554                      /usr/lib/jvm/java-11-openjdk-amd64/lib/libjava.so
7f5792c86000-7f5792c87000 rw-p 00000000 00:00 0 
7f5792c87000-7f5792c8c000 r--p 00000000 08:10 83574                      /usr/lib/jvm/java-11-openjdk-amd64/lib/libverify.so
7f5792c8c000-7f5792c93000 r-xp 00005000 08:10 83574                      /usr/lib/jvm/java-11-openjdk-amd64/lib/libverify.so
7f5792c93000-7f5792c95000 r--p 0000c000 08:10 83574                      /usr/lib/jvm/java-11-openjdk-amd64/lib/libverify.so
7f5792c95000-7f5792c96000 ---p 0000e000 08:10 83574                      /usr/lib/jvm/java-11-openjdk-amd64/lib/libverify.so
7f5792c96000-7f5792c98000 r--p 0000e000 08:10 83574                      /usr/lib/jvm/java-11-openjdk-amd64/lib/libverify.so
7f5792c98000-7f5792c99000 rw-p 00010000 08:10 83574                      /usr/lib/jvm/java-11-openjdk-amd64/lib/libverify.so
7f5792c99000-7f5792c9c000 r--p 00000000 08:10 57609                      /usr/lib/x86_64-linux-gnu/librt-2.31.so
7f5792c9c000-7f5792ca0000 r-xp 00003000 08:10 57609                      /usr/lib/x86_64-linux-gnu/librt-2.31.so
7f5792ca0000-7f5792ca1000 r--p 00007000 08:10 57609                      /usr/lib/x86_64-linux-gnu/librt-2.31.so
7f5792ca1000-7f5792ca2000 ---p 00008000 08:10 57609                      /usr/lib/x86_64-linux-gnu/librt-2.31.so
7f5792ca2000-7f5792ca3000 r--p 00008000 08:10 57609                      /usr/lib/x86_64-linux-gnu/librt-2.31.so
7f5792ca3000-7f5792ca4000 rw-p 00009000 08:10 57609                      /usr/lib/x86_64-linux-gnu/librt-2.31.so
7f5792ca4000-7f5792ca8000 ---p 00000000 00:00 0 
7f5792ca8000-7f5792da5000 rw-p 00000000 00:00 0 
7f5792da5000-7f5792da8000 r--p 00000000 08:10 57013                      /usr/lib/x86_64-linux-gnu/libgcc_s.so.1
7f5792da8000-7f5792dba000 r-xp 00003000 08:10 57013                      /usr/lib/x86_64-linux-gnu/libgcc_s.so.1
7f5792dba000-7f5792dbe000 r--p 00015000 08:10 57013                      /usr/lib/x86_64-linux-gnu/libgcc_s.so.1
7f5792dbe000-7f5792dbf000 r--p 00018000 08:10 57013                      /usr/lib/x86_64-linux-gnu/libgcc_s.so.1
7f5792dbf000-7f5792dc0000 rw-p 00019000 08:10 57013                      /usr/lib/x86_64-linux-gnu/libgcc_s.so.1
7f5792dc0000-7f5792dcf000 r--p 00000000 08:10 57335                      /usr/lib/x86_64-linux-gnu/libm-2.31.so
7f5792dcf000-7f5792e76000 r-xp 0000f000 08:10 57335                      /usr/lib/x86_64-linux-gnu/libm-2.31.so
7f5792e76000-7f5792f0d000 r--p 000b6000 08:10 57335                      /usr/lib/x86_64-linux-gnu/libm-2.31.so
7f5792f0d000-7f5792f0e000 r--p 0014c000 08:10 57335                      /usr/lib/x86_64-linux-gnu/libm-2.31.so
7f5792f0e000-7f5792f0f000 rw-p 0014d000 08:10 57335                      /usr/lib/x86_64-linux-gnu/libm-2.31.so
7f5792f0f000-7f5792fa5000 r--p 00000000 08:10 57703                      /usr/lib/x86_64-linux-gnu/libstdc++.so.6.0.28
7f5792fa5000-7f5793095000 r-xp 00096000 08:10 57703                      /usr/lib/x86_64-linux-gnu/libstdc++.so.6.0.28
7f5793095000-7f57930de000 r--p 00186000 08:10 57703                      /usr/lib/x86_64-linux-gnu/libstdc++.so.6.0.28
7f57930de000-7f57930df000 ---p 001cf000 08:10 57703                      /usr/lib/x86_64-linux-gnu/libstdc++.so.6.0.28
7f57930df000-7f57930ea000 r--p 001cf000 08:10 57703                      /usr/lib/x86_64-linux-gnu/libstdc++.so.6.0.28
7f57930ea000-7f57930ed000 rw-p 001da000 08:10 57703                      /usr/lib/x86_64-linux-gnu/libstdc++.so.6.0.28
7f57930ed000-7f57930f0000 rw-p 00000000 00:00 0 
7f57930f0000-7f579335d000 r--p 00000000 08:10 83581                      /usr/lib/jvm/java-11-openjdk-amd64/lib/server/libjvm.so
7f579335d000-7f5793ef1000 r-xp 0026d000 08:10 83581                      /usr/lib/jvm/java-11-openjdk-amd64/lib/server/libjvm.so
7f5793ef1000-7f5794128000 r--p 00e01000 08:10 83581                      /usr/lib/jvm/java-11-openjdk-amd64/lib/server/libjvm.so
7f5794128000-7f57941e5000 r--p 01037000 08:10 83581                      /usr/lib/jvm/java-11-openjdk-amd64/lib/server/libjvm.so
7f57941e5000-7f579421e000 rw-p 010f4000 08:10 83581                      /usr/lib/jvm/java-11-openjdk-amd64/lib/server/libjvm.so
7f579421e000-7f5794277000 rw-p 00000000 00:00 0 
7f5794277000-7f579427e000 r--p 00000000 08:10 57568                      /usr/lib/x86_64-linux-gnu/libpthread-2.31.so
7f579427e000-7f579428f000 r-xp 00007000 08:10 57568                      /usr/lib/x86_64-linux-gnu/libpthread-2.31.so
7f579428f000-7f5794294000 r--p 00018000 08:10 57568                      /usr/lib/x86_64-linux-gnu/libpthread-2.31.so
7f5794294000-7f5794295000 r--p 0001c000 08:10 57568                      /usr/lib/x86_64-linux-gnu/libpthread-2.31.so
7f5794295000-7f5794296000 rw-p 0001d000 08:10 57568                      /usr/lib/x86_64-linux-gnu/libpthread-2.31.so
7f5794296000-7f579429a000 rw-p 00000000 00:00 0 
7f579429a000-7f579429b000 r--p 00000000 08:10 56888                      /usr/lib/x86_64-linux-gnu/libdl-2.31.so
7f579429b000-7f579429d000 r-xp 00001000 08:10 56888                      /usr/lib/x86_64-linux-gnu/libdl-2.31.so
7f579429d000-7f579429e000 r--p 00003000 08:10 56888                      /usr/lib/x86_64-linux-gnu/libdl-2.31.so
7f579429e000-7f579429f000 r--p 00003000 08:10 56888                      /usr/lib/x86_64-linux-gnu/libdl-2.31.so
7f579429f000-7f57942a0000 rw-p 00004000 08:10 56888                      /usr/lib/x86_64-linux-gnu/libdl-2.31.so
7f57942a0000-7f57942a2000 r--p 00000000 08:10 57998                      /usr/lib/x86_64-linux-gnu/libz.so.1.2.11
7f57942a2000-7f57942b3000 r-xp 00002000 08:10 57998                      /usr/lib/x86_64-linux-gnu/libz.so.1.2.11
7f57942b3000-7f57942b9000 r--p 00013000 08:10 57998                      /usr/lib/x86_64-linux-gnu/libz.so.1.2.11
7f57942b9000-7f57942ba000 ---p 00019000 08:10 57998                      /usr/lib/x86_64-linux-gnu/libz.so.1.2.11
7f57942ba000-7f57942bb000 r--p 00019000 08:10 57998                      /usr/lib/x86_64-linux-gnu/libz.so.1.2.11
7f57942bb000-7f57942bc000 rw-p 0001a000 08:10 57998                      /usr/lib/x86_64-linux-gnu/libz.so.1.2.11
7f57942bc000-7f57942e1000 r--p 00000000 08:10 56775                      /usr/lib/x86_64-linux-gnu/libc-2.31.so
7f57942e1000-7f5794459000 r-xp 00025000 08:10 56775                      /usr/lib/x86_64-linux-gnu/libc-2.31.so
7f5794459000-7f57944a3000 r--p 0019d000 08:10 56775                      /usr/lib/x86_64-linux-gnu/libc-2.31.so
7f57944a3000-7f57944a4000 ---p 001e7000 08:10 56775                      /usr/lib/x86_64-linux-gnu/libc-2.31.so
7f57944a4000-7f57944a7000 r--p 001e7000 08:10 56775                      /usr/lib/x86_64-linux-gnu/libc-2.31.so
7f57944a7000-7f57944aa000 rw-p 001ea000 08:10 56775                      /usr/lib/x86_64-linux-gnu/libc-2.31.so
7f57944aa000-7f57944ae000 rw-p 00000000 00:00 0 
7f57944ae000-7f57944af000 r--p 00000000 08:10 69559                      /usr/lib/locale/C.UTF-8/LC_NAME
7f57944af000-7f57944b0000 r--p 00000000 08:10 69552                      /usr/lib/locale/C.UTF-8/LC_ADDRESS
7f57944b0000-7f57944b1000 r--p 00000000 08:10 69562                      /usr/lib/locale/C.UTF-8/LC_TELEPHONE
7f57944b1000-7f57944b2000 r--p 00000000 08:10 69556                      /usr/lib/locale/C.UTF-8/LC_MEASUREMENT
7f57944b2000-7f57944b3000 ---p 00000000 00:00 0 
7f57944b3000-7f57944b4000 r--p 00000000 00:00 0 
7f57944b4000-7f57944b6000 r--p 00000000 08:10 83558                      /usr/lib/jvm/java-11-openjdk-amd64/lib/libjimage.so
7f57944b6000-7f57944b9000 r-xp 00002000 08:10 83558                      /usr/lib/jvm/java-11-openjdk-amd64/lib/libjimage.so
7f57944b9000-7f57944ba000 r--p 00005000 08:10 83558                      /usr/lib/jvm/java-11-openjdk-amd64/lib/libjimage.so
7f57944ba000-7f57944bb000 ---p 00006000 08:10 83558                      /usr/lib/jvm/java-11-openjdk-amd64/lib/libjimage.so
7f57944bb000-7f57944bc000 r--p 00006000 08:10 83558                      /usr/lib/jvm/java-11-openjdk-amd64/lib/libjimage.so
7f57944bc000-7f57944bd000 rw-p 00007000 08:10 83558                      /usr/lib/jvm/java-11-openjdk-amd64/lib/libjimage.so
7f57944bd000-7f57944c0000 r--p 00000000 08:10 83538                      /usr/lib/jvm/java-11-openjdk-amd64/lib/jli/libjli.so
7f57944c0000-7f57944ca000 r-xp 00003000 08:10 83538                      /usr/lib/jvm/java-11-openjdk-amd64/lib/jli/libjli.so
7f57944ca000-7f57944cd000 r--p 0000d000 08:10 83538                      /usr/lib/jvm/java-11-openjdk-amd64/lib/jli/libjli.so
7f57944cd000-7f57944ce000 ---p 00010000 08:10 83538                      /usr/lib/jvm/java-11-openjdk-amd64/lib/jli/libjli.so
7f57944ce000-7f57944cf000 r--p 00010000 08:10 83538                      /usr/lib/jvm/java-11-openjdk-amd64/lib/jli/libjli.so
7f57944cf000-7f57944d0000 rw-p 00011000 08:10 83538                      /usr/lib/jvm/java-11-openjdk-amd64/lib/jli/libjli.so
7f57944d0000-7f57944d2000 rw-p 00000000 00:00 0 
7f57944d2000-7f57944d3000 r--p 00000000 08:10 56669                      /usr/lib/x86_64-linux-gnu/ld-2.31.so
7f57944d3000-7f57944f6000 r-xp 00001000 08:10 56669                      /usr/lib/x86_64-linux-gnu/ld-2.31.so
7f57944f6000-7f57944fe000 r--p 00024000 08:10 56669                      /usr/lib/x86_64-linux-gnu/ld-2.31.so
7f57944fe000-7f57944ff000 r--p 00000000 08:10 69555                      /usr/lib/locale/C.UTF-8/LC_IDENTIFICATION
7f57944ff000-7f5794500000 r--p 0002c000 08:10 56669                      /usr/lib/x86_64-linux-gnu/ld-2.31.so
7f5794500000-7f5794501000 rw-p 0002d000 08:10 56669                      /usr/lib/x86_64-linux-gnu/ld-2.31.so
7f5794501000-7f5794502000 rw-p 00000000 00:00 0 
7fffac19d000-7fffac1bf000 rw-p 00000000 00:00 0                          [stack]
7fffac1ce000-7fffac1d1000 r--p 00000000 00:00 0                          [vvar]
7fffac1d1000-7fffac1d3000 r-xp 00000000 00:00 0                          [vdso]


VM Arguments:
jvm_args: -Djava.awt.headless=true -javaagent:/tmp/16054376760860554037794057005812143213246498848108.jar -Dclassworlds.conf=/mnt/e/Java/projects/apache-maven-3.6.0/bin/m2.conf -Dmaven.home=/mnt/e/Java/projects/apache-maven-3.6.0 -Dlibrary.jansi.path=/mnt/e/Java/projects/apache-maven-3.6.0/lib/jansi-native -Dmaven.multiModuleProjectDirectory=/mnt/e/intellijig projects software dev/test_assignment_4 
java_command: org.pitest.coverage.execute.CoverageMinion 36365
java_class_path (initial): /mnt/e/intellijig projects software dev/test_assignment_4/target/test-classes:/mnt/e/intellijig projects software dev/test_assignment_4/target/classes:/home/christian/.m2/repository/org/junit/jupiter/junit-jupiter-api/5.7.0/junit-jupiter-api-5.7.0.jar:/home/christian/.m2/repository/org/apiguardian/apiguardian-api/1.1.0/apiguardian-api-1.1.0.jar:/home/christian/.m2/repository/org/opentest4j/opentest4j/1.2.0/opentest4j-1.2.0.jar:/home/christian/.m2/repository/org/junit/platform/junit-platform-commons/1.7.0/junit-platform-commons-1.7.0.jar:/home/christian/.m2/repository/org/mockito/mockito-junit-jupiter/3.5.13/mockito-junit-jupiter-3.5.13.jar:/home/christian/.m2/repository/org/mockito/mockito-core/3.5.13/mockito-core-3.5.13.jar:/home/christian/.m2/repository/net/bytebuddy/byte-buddy/1.10.15/byte-buddy-1.10.15.jar:/home/christian/.m2/repository/net/bytebuddy/byte-buddy-agent/1.10.15/byte-buddy-agent-1.10.15.jar:/home/christian/.m2/repository/org/objenesis/objenesis/3.1/objenesis-3.1.jar:/home/christian/.m2/repository/junit/junit/4.12/junit-4.12.jar:/home/christian/.m2/repository/org/hamcrest/hamcrest-core/1.3/hamcrest-core-1.3.jar:/home/christian/.m2/repository/org/pitest/pitest/1.5.2/pitest-1.5.2.jar
Launcher Type: SUN_STANDARD

[Global flags]
     intx CICompilerCount                          = 3                                         {product} {ergonomic}
     uint ConcGCThreads                            = 1                                         {product} {ergonomic}
     uint G1ConcRefinementThreads                  = 4                                         {product} {ergonomic}
   size_t G1HeapRegionSize                         = 1048576                                   {product} {ergonomic}
    uintx GCDrainStackTargetSize                   = 64                                        {product} {ergonomic}
   size_t InitialHeapSize                          = 157286400                                 {product} {ergonomic}
   size_t MarkStackSize                            = 4194304                                   {product} {ergonomic}
   size_t MaxHeapSize                              = 2487222272                                {product} {ergonomic}
   size_t MinHeapDeltaBytes                        = 1048576                                   {product} {ergonomic}
    uintx NonNMethodCodeHeapSize                   = 5830732                                {pd product} {ergonomic}
    uintx NonProfiledCodeHeapSize                  = 122913754                              {pd product} {ergonomic}
    uintx ProfiledCodeHeapSize                     = 122913754                              {pd product} {ergonomic}
    uintx ReservedCodeCacheSize                    = 251658240                              {pd product} {ergonomic}
     bool SegmentedCodeCache                       = true                                      {product} {ergonomic}
     bool UseCompressedClassPointers               = true                                 {lp64_product} {ergonomic}
     bool UseCompressedOops                        = true                                 {lp64_product} {ergonomic}
     bool UseG1GC                                  = true                                      {product} {ergonomic}

Logging:
Log output configuration:
 #0: stdout all=warning uptime,level,tags
 #1: stderr all=off uptime,level,tags

Environment Variables:
CLASSPATH=/mnt/e/intellijig projects software dev/test_assignment_4/target/test-classes:/mnt/e/intellijig projects software dev/test_assignment_4/target/classes:/home/christian/.m2/repository/org/junit/jupiter/junit-jupiter-api/5.7.0/junit-jupiter-api-5.7.0.jar:/home/christian/.m2/repository/org/apiguardian/apiguardian-api/1.1.0/apiguardian-api-1.1.0.jar:/home/christian/.m2/repository/org/opentest4j/opentest4j/1.2.0/opentest4j-1.2.0.jar:/home/christian/.m2/repository/org/junit/platform/junit-platform-commons/1.7.0/junit-platform-commons-1.7.0.jar:/home/christian/.m2/repository/org/mockito/mockito-junit-jupiter/3.5.13/mockito-junit-jupiter-3.5.13.jar:/home/christian/.m2/repository/org/mockito/mockito-core/3.5.13/mockito-core-3.5.13.jar:/home/christian/.m2/repository/net/bytebuddy/byte-buddy/1.10.15/byte-buddy-1.10.15.jar:/home/christian/.m2/repository/net/bytebuddy/byte-buddy-agent/1.10.15/byte-buddy-agent-1.10.15.jar:/home/christian/.m2/repository/org/objenesis/objenesis/3.1/objenesis-3.1.jar:/home/christian/.m2/repository/junit/junit/4.12/junit-4.12.jar:/home/christian/.m2/repository/org/hamcrest/hamcrest-core/1.3/hamcrest-core-1.3.jar:/home/christian/.m2/repository/org/pitest/pitest/1.5.2/pitest-1.5.2.jar
PATH=/mnt/e/intellijig projects software dev/si-banking-operations/venv/bin:/home/christian/.local/bin:/usr/local/sbin:/usr/local/bin:/usr/sbin:/usr/bin:/sbin:/bin:/usr/games:/usr/local/games:/mnt/e/Java/jdk1.8.0_161/bin:/mnt/e/Java/mingW/bin:/mnt/e/Java/mingW/msys/1.0/bin:/mnt/c/Program Files/MySQL/MySQL Utilities 1.6/:/mnt/c/WINDOWS/system32:/mnt/c/WINDOWS:/mnt/c/WINDOWS/System32/Wbem:/mnt/c/WINDOWS/System32/WindowsPowerShell/v1.0/:/mnt/c/WINDOWS/System32/OpenSSH/:/mnt/e/Java/projects/apache-maven-3.6.0/bin:/mnt/c/Program Files/dotnet/:/mnt/c/Users/Christian/Desktop/thirdsemestercontent/:/mnt/e/Git/cmd:/mnt/e/Airtame:/mnt/c/Program Files (x86)/Intel/Intel(R) Management Engine Components/DAL:/mnt/c/Program Files/Intel/Intel(R) Management Engine Components/DAL:/mnt/c/Program Files (x86)/NVIDIA Corporation/PhysX/Common:/mnt/c/Program Files/NVIDIA Corporation/NVIDIA NvDLISR:/mnt/e/vagrant/bin:/mnt/c/Program Files/Docker/Docker/resources/bin:/mnt/c/ProgramData/DockerDesktop/version-bin:/mnt/e/elm/0.19.1/bin:/mnt/e/elm/0.19.1/bin:/mnt/c/Users/Christian/AppData/Local/Microsoft/WindowsApps:/mnt/c/Users/Christian/AppData/Local/atom/bin:/mnt/c/Users/Christian/AppData/Local/Microsoft/WindowsApps:/mnt/c/Users/Christian/AppData/Local/GitHubDesktop/bin:/mnt/c/Users/Christian/AppData/Local/Programs/Microsoft VS Code/bin:/mnt/c/Users/Christian/AppData/Roaming/npm:/mnt/e/IntelliJ IDEA 2020.2.1/bin:/snap/bin
SHELL=/bin/bash
HOSTTYPE=x86_64
LANG=C.UTF-8

Signal Handlers:
SIGSEGV: [libjvm.so+0xd8e010], sa_mask[0]=11111111011111111101111111111110, sa_flags=SA_RESTART|SA_SIGINFO
SIGBUS: [libjvm.so+0xd8e010], sa_mask[0]=11111111011111111101111111111110, sa_flags=SA_RESTART|SA_SIGINFO
SIGFPE: [libjvm.so+0xd8e010], sa_mask[0]=11111111011111111101111111111110, sa_flags=SA_RESTART|SA_SIGINFO
SIGPIPE: [libjvm.so+0xb86b30], sa_mask[0]=11111111011111111101111111111110, sa_flags=SA_RESTART|SA_SIGINFO
SIGXFSZ: [libjvm.so+0xb86b30], sa_mask[0]=11111111011111111101111111111110, sa_flags=SA_RESTART|SA_SIGINFO
SIGILL: [libjvm.so+0xd8e010], sa_mask[0]=11111111011111111101111111111110, sa_flags=SA_RESTART|SA_SIGINFO
SIGUSR2: [libjvm.so+0xb869d0], sa_mask[0]=00100000000000000000000000000000, sa_flags=SA_RESTART|SA_SIGINFO
SIGHUP: SIG_DFL, sa_mask[0]=00000000000000000000000000000000, sa_flags=none
SIGINT: SIG_DFL, sa_mask[0]=00000000000000000000000000000000, sa_flags=none
SIGTERM: SIG_DFL, sa_mask[0]=00000000000000000000000000000000, sa_flags=none
SIGQUIT: SIG_DFL, sa_mask[0]=00000000000000000000000000000000, sa_flags=none


---------------  S Y S T E M  ---------------

OS:DISTRIB_ID=Ubuntu
DISTRIB_RELEASE=20.04
DISTRIB_CODENAME=focal
DISTRIB_DESCRIPTION="Ubuntu 20.04.1 LTS"
uname:Linux 4.19.128-microsoft-standard #1 SMP Tue Jun 23 12:58:10 UTC 2020 x86_64
OS uptime: 11 days 1:01 hours
libc:glibc 2.31 NPTL 2.31 
rlimit (soft/hard): STACK 8192k/infinity , CORE 0k/infinity , NPROC 37909/37909 , NOFILE 4096/4096 , AS infinity/infinity , CPU infinity/infinity , DATA infinity/infinity , FSIZE infinity/infinity , MEMLOCK 64k/64k
load average:2.77 0.99 0.48

/proc/meminfo:
MemTotal:        9709584 kB
MemFree:          137676 kB
MemAvailable:      53444 kB
Buffers:            3276 kB
Cached:           505952 kB
SwapCached:         4448 kB
Active:          8029392 kB
Inactive:        1124524 kB
Active(anon):    7999456 kB
Inactive(anon):  1095292 kB
Active(file):      29936 kB
Inactive(file):    29232 kB
Unevictable:           0 kB
Mlocked:               0 kB
SwapTotal:       3145728 kB
SwapFree:              0 kB
Dirty:               800 kB
Writeback:             0 kB
AnonPages:       8640280 kB
Mapped:           332748 kB
Shmem:            450112 kB
Slab:             155812 kB
SReclaimable:      49348 kB
SUnreclaim:       106464 kB
KernelStack:       69280 kB
PageTables:       100216 kB
NFS_Unstable:          0 kB
Bounce:                0 kB
WritebackTmp:          0 kB
CommitLimit:     8000520 kB
Committed_AS:   23539728 kB
VmallocTotal:   34359738367 kB
VmallocUsed:           0 kB
VmallocChunk:          0 kB
Percpu:             1616 kB
AnonHugePages:    243712 kB
ShmemHugePages:        0 kB
ShmemPmdMapped:        0 kB
HugePages_Total:       0
HugePages_Free:        0
HugePages_Rsvd:        0
HugePages_Surp:        0
Hugepagesize:       2048 kB
Hugetlb:               0 kB
DirectMap4k:      367616 kB
DirectMap2M:     9617408 kB
DirectMap1G:           0 kB

/sys/kernel/mm/transparent_hugepage/enabled:
[always] madvise never

/sys/kernel/mm/transparent_hugepage/defrag (defrag/compaction efforts parameter):
always defer defer+madvise [madvise] never


/proc/sys/kernel/threads-max (system-wide limit on the number of threads):
75818


/proc/sys/vm/max_map_count (maximum number of memory map areas a process may have):
65530


/proc/sys/kernel/pid_max (system-wide limit on number of process identifiers):
32768



container (cgroup) information:
container_type: cgroupv1
cpu_cpuset_cpus: 0-3
cpu_memory_nodes: 0
active_processor_count: 4
cpu_quota: -1
cpu_period: 100000
cpu_shares: -1
memory_limit_in_bytes: -1
memory_and_swap_limit_in_bytes: -1
memory_soft_limit_in_bytes: -1
memory_usage_in_bytes: 9374502912
memory_max_usage_in_bytes: 58982285312

HyperV virtualization detected
Steal ticks since vm start: 0
Steal ticks percentage since vm start:  0.000

CPU:total 4 (initial active 4) (2 cores per cpu, 2 threads per core) family 6 model 142 stepping 9, cmov, cx8, fxsr, mmx, sse, sse2, sse3, ssse3, sse4.1, sse4.2, popcnt, avx, avx2, aes, clmul, erms, 3dnowpref, lzcnt, ht, tsc, bmi1, bmi2, adx, fma
CPU Model and flags from /proc/cpuinfo:
model name	: Intel(R) Core(TM) i5-7200U CPU @ 2.50GHz
flags		: fpu vme de pse tsc msr pae mce cx8 apic sep mtrr pge mca cmov pat pse36 clflush mmx fxsr sse sse2 ss ht syscall nx pdpe1gb rdtscp lm constant_tsc rep_good nopl xtopology cpuid pni pclmulqdq ssse3 fma cx16 pcid sse4_1 sse4_2 movbe popcnt aes xsave avx f16c rdrand hypervisor lahf_lm abm 3dnowprefetch invpcid_single pti ssbd ibrs ibpb stibp fsgsbase bmi1 avx2 smep bmi2 erms invpcid mpx rdseed adx smap clflushopt xsaveopt xsavec xgetbv1 xsaves flush_l1d arch_capabilities

Memory: 4k page, physical 9709584k(137676k free), swap 3145728k(0k free)

vm_info: OpenJDK 64-Bit Server VM (11.0.8+10-post-Ubuntu-0ubuntu120.04) for linux-amd64 JRE (11.0.8+10-post-Ubuntu-0ubuntu120.04), built on Jul 15 2020 20:45:24 by "unknown" with gcc 9.3.0

END.
